app/build/intermediates/manifest_merge_blame_file/release/manifest-merger-blame-release-report.txt
1<?xml version="1.0" encoding="utf-8"?>
2<manifest xmlns:android="http://schemas.android.com/apk/res/android"
3    package="com.example.uptechapp"
4    android:versionCode="1"
5    android:versionName="1.0" >
6
7    <uses-sdk
8        android:minSdkVersion="24"
8-->src\main\AndroidManifest.xml
9        android:targetSdkVersion="33" />
9-->src\main\AndroidManifest.xml
10
11    <uses-permission android:name="android.permission.INTERNET" />
11-->src\main\AndroidManifest.xml:5:5-67
11-->src\main\AndroidManifest.xml:5:22-64
12    <uses-permission android:name="android.permission.ACCESS_COARSE_LOCATION" />
12-->src\main\AndroidManifest.xml:6:5-81
12-->src\main\AndroidManifest.xml:6:22-78
13    <uses-permission android:name="android.permission.ACCESS_FINE_LOCATION" />
13-->src\main\AndroidManifest.xml:7:5-79
13-->src\main\AndroidManifest.xml:7:22-76
14    <uses-permission
14-->src\main\AndroidManifest.xml:8:5-9:38
15        android:name="android.permission.READ_EXTERNAL_STORAGE"
15-->src\main\AndroidManifest.xml:8:22-77
16        android:maxSdkVersion="32" />
16-->src\main\AndroidManifest.xml:9:9-35
17    <uses-permission android:name="INTERACT_ACROSS_USERS_FULL" />
17-->src\main\AndroidManifest.xml:10:5-65
17-->src\main\AndroidManifest.xml:10:22-63
18    <uses-permission android:name="android.permission.ACCESS_NETWORK_STATE" />
18-->[androidx.media3:media3-common:1.1.0-beta01] AndroidManifest.xml:24:5-79
18-->[androidx.media3:media3-common:1.1.0-beta01] AndroidManifest.xml:24:22-76
19
20    <uses-feature
20-->[com.google.android.gms:play-services-maps:18.1.0] AndroidManifest.xml:26:5-28:35
21        android:glEsVersion="0x00020000"
21-->[com.google.android.gms:play-services-maps:18.1.0] AndroidManifest.xml:27:9-41
22        android:required="true" />
22-->[com.google.android.gms:play-services-maps:18.1.0] AndroidManifest.xml:28:9-32
23
24    <queries>
24-->[com.google.android.gms:play-services-maps:18.1.0] AndroidManifest.xml:30:5-34:15
25
26        <!-- Needs to be explicitly declared on Android R+ -->
27        <package android:name="com.google.android.apps.maps" />
27-->[com.google.android.gms:play-services-maps:18.1.0] AndroidManifest.xml:33:9-64
27-->[com.google.android.gms:play-services-maps:18.1.0] AndroidManifest.xml:33:18-61
28    </queries>
29
30    <permission
30-->[androidx.core:core:1.9.0] AndroidManifest.xml:22:5-24:47
31        android:name="com.example.uptechapp.DYNAMIC_RECEIVER_NOT_EXPORTED_PERMISSION"
31-->[androidx.core:core:1.9.0] AndroidManifest.xml:23:9-81
32        android:protectionLevel="signature" />
32-->[androidx.core:core:1.9.0] AndroidManifest.xml:24:9-44
33
34    <uses-permission android:name="com.example.uptechapp.DYNAMIC_RECEIVER_NOT_EXPORTED_PERMISSION" />
34-->[androidx.core:core:1.9.0] AndroidManifest.xml:26:5-97
34-->[androidx.core:core:1.9.0] AndroidManifest.xml:26:22-94
35
36    <application
36-->src\main\AndroidManifest.xml:12:5-37:19
37        android:allowBackup="false"
37-->src\main\AndroidManifest.xml:13:9-36
38        android:appComponentFactory="androidx.core.app.CoreComponentFactory"
38-->[androidx.core:core:1.9.0] AndroidManifest.xml:28:18-86
39        android:configChanges="uiMode"
39-->src\main\AndroidManifest.xml:14:9-39
40        android:dataExtractionRules="@xml/data_extraction_rules"
40-->src\main\AndroidManifest.xml:16:9-65
41        android:extractNativeLibs="false"
42        android:fullBackupContent="@xml/backup_rules"
42-->src\main\AndroidManifest.xml:17:9-54
43        android:hardwareAccelerated="true"
43-->src\main\AndroidManifest.xml:15:9-43
44        android:icon="@drawable/launch_logo"
44-->src\main\AndroidManifest.xml:18:9-45
45        android:label="@string/app_name"
45-->src\main\AndroidManifest.xml:19:9-41
46        android:supportsRtl="true"
46-->src\main\AndroidManifest.xml:20:9-35
47        android:theme="@style/Theme.UptechApp"
47-->src\main\AndroidManifest.xml:21:9-47
48        android:usesCleartextTraffic="true" >
48-->src\main\AndroidManifest.xml:22:9-44
49        <meta-data
49-->src\main\AndroidManifest.xml:25:9-27:71
50            android:name="com.google.android.geo.API_KEY"
50-->src\main\AndroidManifest.xml:26:13-58
51            android:value="AIzaSyBXcvUYeyWNBqjOpkh_T4Mr5etm3kjtqTg" />
51-->src\main\AndroidManifest.xml:27:13-68
52
53        <activity
53-->src\main\AndroidManifest.xml:29:9-36:20
54            android:name="com.example.uptechapp.activity.MainActivityFragments"
54-->src\main\AndroidManifest.xml:30:13-59
55            android:exported="true" >
55-->src\main\AndroidManifest.xml:31:13-36
56            <intent-filter>
56-->src\main\AndroidManifest.xml:32:13-35:29
57                <action android:name="android.intent.action.MAIN" />
57-->src\main\AndroidManifest.xml:33:17-69
57-->src\main\AndroidManifest.xml:33:25-66
58
59                <category android:name="android.intent.category.LAUNCHER" />
59-->src\main\AndroidManifest.xml:34:17-77
59-->src\main\AndroidManifest.xml:34:27-74
60            </intent-filter>
61        </activity>
62        <activity
62-->[com.google.android.gms:play-services-auth:20.5.0] AndroidManifest.xml:23:9-27:75
63            android:name="com.google.android.gms.auth.api.signin.internal.SignInHubActivity"
63-->[com.google.android.gms:play-services-auth:20.5.0] AndroidManifest.xml:24:13-93
64            android:excludeFromRecents="true"
64-->[com.google.android.gms:play-services-auth:20.5.0] AndroidManifest.xml:25:13-46
65            android:exported="false"
65-->[com.google.android.gms:play-services-auth:20.5.0] AndroidManifest.xml:26:13-37
66            android:theme="@android:style/Theme.Translucent.NoTitleBar" />
66-->[com.google.android.gms:play-services-auth:20.5.0] AndroidManifest.xml:27:13-72
67        <!--
68            Service handling Google Sign-In user revocation. For apps that do not integrate with
69            Google Sign-In, this service will never be started.
70        -->
71        <service
71-->[com.google.android.gms:play-services-auth:20.5.0] AndroidManifest.xml:33:9-37:51
72            android:name="com.google.android.gms.auth.api.signin.RevocationBoundService"
72-->[com.google.android.gms:play-services-auth:20.5.0] AndroidManifest.xml:34:13-89
73            android:exported="true"
73-->[com.google.android.gms:play-services-auth:20.5.0] AndroidManifest.xml:35:13-36
74            android:permission="com.google.android.gms.auth.api.signin.permission.REVOCATION_NOTIFICATION"
74-->[com.google.android.gms:play-services-auth:20.5.0] AndroidManifest.xml:36:13-107
75            android:visibleToInstantApps="true" /> <!-- Needs to be explicitly declared on P+ -->
75-->[com.google.android.gms:play-services-auth:20.5.0] AndroidManifest.xml:37:13-48
76        <uses-library
76-->[com.google.android.gms:play-services-maps:18.1.0] AndroidManifest.xml:39:9-41:40
77            android:name="org.apache.http.legacy"
77-->[com.google.android.gms:play-services-maps:18.1.0] AndroidManifest.xml:40:13-50
78            android:required="false" />
78-->[com.google.android.gms:play-services-maps:18.1.0] AndroidManifest.xml:41:13-37
79
80        <service
80-->[com.google.firebase:firebase-storage:20.2.0] AndroidManifest.xml:29:9-35:19
81            android:name="com.google.firebase.components.ComponentDiscoveryService"
81-->[com.google.firebase:firebase-storage:20.2.0] AndroidManifest.xml:30:13-84
82            android:directBootAware="true"
82-->[com.google.firebase:firebase-common:20.3.2] AndroidManifest.xml:34:13-43
83            android:exported="false" >
83-->[com.google.firebase:firebase-storage:20.2.0] AndroidManifest.xml:31:13-37
84            <meta-data
84-->[com.google.firebase:firebase-storage:20.2.0] AndroidManifest.xml:32:13-34:85
85                android:name="com.google.firebase.components:com.google.firebase.storage.StorageRegistrar"
85-->[com.google.firebase:firebase-storage:20.2.0] AndroidManifest.xml:33:17-107
86                android:value="com.google.firebase.components.ComponentRegistrar" />
86-->[com.google.firebase:firebase-storage:20.2.0] AndroidManifest.xml:34:17-82
87        </service>
88
89        <provider
89-->[com.google.firebase:firebase-common:20.3.2] AndroidManifest.xml:25:9-30:39
90            android:name="com.google.firebase.provider.FirebaseInitProvider"
90-->[com.google.firebase:firebase-common:20.3.2] AndroidManifest.xml:26:13-77
91            android:authorities="com.example.uptechapp.firebaseinitprovider"
91-->[com.google.firebase:firebase-common:20.3.2] AndroidManifest.xml:27:13-72
92            android:directBootAware="true"
92-->[com.google.firebase:firebase-common:20.3.2] AndroidManifest.xml:28:13-43
93            android:exported="false"
93-->[com.google.firebase:firebase-common:20.3.2] AndroidManifest.xml:29:13-37
94            android:initOrder="100" />
94-->[com.google.firebase:firebase-common:20.3.2] AndroidManifest.xml:30:13-36
95
96        <activity
96-->[com.google.android.gms:play-services-base:18.1.0] AndroidManifest.xml:20:9-22:45
97            android:name="com.google.android.gms.common.api.GoogleApiActivity"
97-->[com.google.android.gms:play-services-base:18.1.0] AndroidManifest.xml:20:19-85
98            android:exported="false"
98-->[com.google.android.gms:play-services-base:18.1.0] AndroidManifest.xml:22:19-43
99            android:theme="@android:style/Theme.Translucent.NoTitleBar" />
99-->[com.google.android.gms:play-services-base:18.1.0] AndroidManifest.xml:21:19-78
100
101        <meta-data
101-->[com.google.android.gms:play-services-basement:18.2.0] AndroidManifest.xml:21:9-23:69
102            android:name="com.google.android.gms.version"
102-->[com.google.android.gms:play-services-basement:18.2.0] AndroidManifest.xml:22:13-58
103            android:value="@integer/google_play_services_version" />
103-->[com.google.android.gms:play-services-basement:18.2.0] AndroidManifest.xml:23:13-66
104
105        <provider
105-->[androidx.emoji2:emoji2:1.2.0] AndroidManifest.xml:24:9-32:20
106            android:name="androidx.startup.InitializationProvider"
106-->[androidx.emoji2:emoji2:1.2.0] AndroidManifest.xml:25:13-67
107            android:authorities="com.example.uptechapp.androidx-startup"
107-->[androidx.emoji2:emoji2:1.2.0] AndroidManifest.xml:26:13-68
108            android:exported="false" >
108-->[androidx.emoji2:emoji2:1.2.0] AndroidManifest.xml:27:13-37
109            <meta-data
109-->[androidx.emoji2:emoji2:1.2.0] AndroidManifest.xml:29:13-31:52
110                android:name="androidx.emoji2.text.EmojiCompatInitializer"
110-->[androidx.emoji2:emoji2:1.2.0] AndroidManifest.xml:30:17-75
111                android:value="androidx.startup" />
111-->[androidx.emoji2:emoji2:1.2.0] AndroidManifest.xml:31:17-49
112            <meta-data
112-->[androidx.lifecycle:lifecycle-process:2.4.1] AndroidManifest.xml:31:13-33:52
113                android:name="androidx.lifecycle.ProcessLifecycleInitializer"
113-->[androidx.lifecycle:lifecycle-process:2.4.1] AndroidManifest.xml:32:17-78
114                android:value="androidx.startup" />
114-->[androidx.lifecycle:lifecycle-process:2.4.1] AndroidManifest.xml:33:17-49
115        </provider>
116
117        <uses-library
117-->[androidx.window:window:1.0.0] AndroidManifest.xml:25:9-27:40
118            android:name="androidx.window.extensions"
118-->[androidx.window:window:1.0.0] AndroidManifest.xml:26:13-54
119            android:required="false" />
119-->[androidx.window:window:1.0.0] AndroidManifest.xml:27:13-37
120        <uses-library
120-->[androidx.window:window:1.0.0] AndroidManifest.xml:28:9-30:40
121            android:name="androidx.window.sidecar"
121-->[androidx.window:window:1.0.0] AndroidManifest.xml:29:13-51
122            android:required="false" />
122-->[androidx.window:window:1.0.0] AndroidManifest.xml:30:13-37
123    </application>
124
125</manifest>